<?xml version="1.0" encoding="UTF-8"?>
<!-- Generated by org.testng.reporters.JUnitXMLReporter -->
<testsuite ignored="0" hostname="LAPTOP-C2RA5JIE" failures="1" tests="4" name="Dependency Test" time="0.052" errors="0" timestamp="2021-01-30T18:13:37 EST">
  <testcase classname="testcases.TestCase3" name="doRegis" time="0.009">
    <failure type="java.lang.AssertionError" message="resistration not success expected [false] but found [true]">
      <![CDATA[java.lang.AssertionError: resistration not success expected [false] but found [true]
at testcases.TestCase3.doRegis(TestCase3.java:11)
at java.base/java.util.ArrayList.forEach(ArrayList.java:1507)
... Removed 31 stack frames]]>
    </failure>
  </testcase> <!-- doRegis -->
  <testcase classname="testcases.TestCase3" name="doLogin" time="0.0">
    <skipped/>
  </testcase> <!-- doLogin -->
  <testcase classname="testcases.TestCase3" name="addProfile" time="0.004"/>
  <testcase classname="testcases.TestCase3" name="addtoCart" time="0.001"/>
</testsuite> <!-- Dependency Test -->
