<?xml version="1.0" encoding="UTF-8"?>
<!-- Generated by org.testng.reporters.JUnitXMLReporter -->
<testsuite ignored="0" hostname="LAPTOP-C2RA5JIE" failures="0" tests="2" name="Default test" time="0.83" errors="0" timestamp="2021-02-26T21:20:50 EST">
  <testcase classname="parameterization.ParameterizationWithExcelHashTable" name="testData" time="0.012"/>
  <testcase classname="parameterization.ParameterizationWithExcelHashTable" name="testData" time="0.003"/>
</testsuite> <!-- Default test -->
