<?xml version="1.0" encoding="UTF-8"?>
<testng-results ignored="0" total="2" passed="2" failed="0" skipped="0">
  <reporter-output>
  </reporter-output>
  <suite started-at="2021-02-26T21:20:50 EST" name="Default suite" finished-at="2021-02-26T21:20:50 EST" duration-ms="830">
    <groups>
    </groups>
    <test started-at="2021-02-26T21:20:50 EST" name="Default test" finished-at="2021-02-26T21:20:50 EST" duration-ms="830">
      <class name="parameterization.ParameterizationWithExcelHashTable">
        <test-method signature="testData(java.util.Hashtable)[pri:0, instance:parameterization.ParameterizationWithExcelHashTable@15b204a1]" started-at="2021-02-26T21:20:50 EST" name="testData" data-provider="dp1" finished-at="2021-02-26T21:20:50 EST" duration-ms="12" status="PASS">
          <params>
            <param index="0">
              <value>
                <![CDATA[{address=dfxcxc, age=2.0, password=test123, gender=M, username=abc}]]>
              </value>
            </param>
          </params>
          <reporter-output>
          </reporter-output>
        </test-method> <!-- testData -->
        <test-method signature="testData(java.util.Hashtable)[pri:0, instance:parameterization.ParameterizationWithExcelHashTable@15b204a1]" started-at="2021-02-26T21:20:50 EST" name="testData" data-provider="dp1" finished-at="2021-02-26T21:20:50 EST" duration-ms="3" status="PASS">
          <params>
            <param index="0">
              <value>
                <![CDATA[{address=dfxcxc, age=5.0, password=test456, gender=F, username=def}]]>
              </value>
            </param>
          </params>
          <reporter-output>
          </reporter-output>
        </test-method> <!-- testData -->
      </class> <!-- parameterization.ParameterizationWithExcelHashTable -->
    </test> <!-- Default test -->
  </suite> <!-- Default suite -->
</testng-results>
